TLC2 Version 2026.07.15.134331 (rev: 227f61b)
Running breadth-first search Model-Checking with fp 71 and seed -8387303385587523786 with 128 workers on 128 cores with 27305MB heap and 64MB offheap memory [pid: 256399] (Linux 6.8.0-134-generic amd64, Debian 11.0.24 64bit, MSBDiskFPSet, DiskStateQueue).
Parsing file /workspace/robust-futex-work/tla/MCExplicitLostWaiter.tla
Parsing file /workspace/robust-futex-work/tla/ExplicitCookie.tla
Parsing file /tmp/tlc-764383506528091691/_TLCTrace.tla (jar:file:/workspace/robust-futex-work/tla/tla2tools.jar!/tla2sany/StandardModules/_TLCTrace.tla)
Parsing file /tmp/tlc-764383506528091691/Naturals.tla (jar:file:/workspace/robust-futex-work/tla/tla2tools.jar!/tla2sany/StandardModules/Naturals.tla)
Parsing file /tmp/tlc-764383506528091691/FiniteSets.tla (jar:file:/workspace/robust-futex-work/tla/tla2tools.jar!/tla2sany/StandardModules/FiniteSets.tla)
Parsing file /tmp/tlc-764383506528091691/Sequences.tla (jar:file:/workspace/robust-futex-work/tla/tla2tools.jar!/tla2sany/StandardModules/Sequences.tla)
Parsing file /tmp/tlc-764383506528091691/TLC.tla (jar:file:/workspace/robust-futex-work/tla/tla2tools.jar!/tla2sany/StandardModules/TLC.tla)
Parsing file /tmp/tlc-764383506528091691/TLCExt.tla (jar:file:/workspace/robust-futex-work/tla/tla2tools.jar!/tla2sany/StandardModules/TLCExt.tla)
Parsing file /tmp/tlc-764383506528091691/Integers.tla (jar:file:/workspace/robust-futex-work/tla/tla2tools.jar!/tla2sany/StandardModules/Integers.tla)
Semantic processing of module Naturals
Semantic processing of module Sequences
Semantic processing of module FiniteSets
Semantic processing of module ExplicitCookie
Semantic processing of module TLC
Semantic processing of module Integers
Semantic processing of module TLCExt
Semantic processing of module _TLCTrace
Semantic processing of module MCExplicitLostWaiter
Linting of module ExplicitCookie
Linting of module TLCExt
Linting of module _TLCTrace
Linting of module MCExplicitLostWaiter
Starting... (2026-07-18 03:47:20)
Implied-temporal checking--satisfiability problem has 1 branches.
Computing initial states...
Finished computing initial states: 1 distinct state generated at 2026-07-18 03:47:21.
Checking temporal properties for the current state space with 37850 total distinct states at (2026-07-18 03:47:24)
Finished checking temporal properties in 00s at 2026-07-18 03:47:24
Progress(17) at 2026-07-18 03:47:24: 158,454 states generated (158,454 s/min), 65,354 distinct states found (65,354 ds/min), 27,500 states left on queue.
Checking temporal properties for the current state space with 3857575 total distinct states at (2026-07-18 03:48:24)
Error: Temporal property NoLostWakeup was violated.

Error: The following behavior constitutes a counter-example:

State 1: <Initial predicate>
/\ corrupt = FALSE
/\ done_e = (t1 :> FALSE @@ t2 :> FALSE @@ t3 :> FALSE)
/\ done_p = (t1 :> FALSE @@ t2 :> FALSE @@ t3 :> FALSE)
/\ done_s = (t1 :> FALSE @@ t2 :> FALSE @@ t3 :> FALSE)
/\ word = [own |-> 0, od |-> FALSE, wtr |-> FALSE]
/\ alive = (t1 :> TRUE @@ t2 :> TRUE @@ t3 :> TRUE)
/\ ecookie = 0
/\ pc = (t1 :> "unattached" @@ t2 :> "unattached" @@ t3 :> "unattached")
/\ waited = (t1 :> FALSE @@ t2 :> FALSE @@ t3 :> FALSE)
/\ pending = (t1 :> FALSE @@ t2 :> FALSE @@ t3 :> FALSE)
/\ pcookie = (t1 :> 0 @@ t2 :> 0 @@ t3 :> 0)
/\ lease = (t1 :> FALSE @@ t2 :> FALSE @@ t3 :> FALSE)
/\ enq = (t1 :> FALSE @@ t2 :> FALSE @@ t3 :> FALSE)
/\ cookie = (t1 :> 0 @@ t2 :> 0 @@ t3 :> 0)
/\ owner = "none"

State 2: <Attach(t2) line 166, col 5 to line 176, col 59 of module ExplicitCookie>
/\ corrupt = FALSE
/\ done_e = (t1 :> FALSE @@ t2 :> FALSE @@ t3 :> FALSE)
/\ done_p = (t1 :> FALSE @@ t2 :> FALSE @@ t3 :> FALSE)
/\ done_s = (t1 :> FALSE @@ t2 :> FALSE @@ t3 :> FALSE)
/\ word = [own |-> 0, od |-> FALSE, wtr |-> FALSE]
/\ alive = (t1 :> TRUE @@ t2 :> TRUE @@ t3 :> TRUE)
/\ ecookie = 0
/\ pc = (t1 :> "unattached" @@ t2 :> "idle" @@ t3 :> "unattached")
/\ waited = (t1 :> FALSE @@ t2 :> FALSE @@ t3 :> FALSE)
/\ pending = (t1 :> FALSE @@ t2 :> FALSE @@ t3 :> FALSE)
/\ pcookie = (t1 :> 0 @@ t2 :> 0 @@ t3 :> 0)
/\ lease = (t1 :> FALSE @@ t2 :> TRUE @@ t3 :> FALSE)
/\ enq = (t1 :> FALSE @@ t2 :> FALSE @@ t3 :> FALSE)
/\ cookie = (t1 :> 0 @@ t2 :> 3 @@ t3 :> 0)
/\ owner = "none"

State 3: <StartAcq(t2) line 186, col 5 to line 193, col 35 of module ExplicitCookie>
/\ corrupt = FALSE
/\ done_e = (t1 :> FALSE @@ t2 :> FALSE @@ t3 :> FALSE)
/\ done_p = (t1 :> FALSE @@ t2 :> FALSE @@ t3 :> FALSE)
/\ done_s = (t1 :> FALSE @@ t2 :> FALSE @@ t3 :> FALSE)
/\ word = [own |-> 0, od |-> FALSE, wtr |-> FALSE]
/\ alive = (t1 :> TRUE @@ t2 :> TRUE @@ t3 :> TRUE)
/\ ecookie = 0
/\ pc = (t1 :> "unattached" @@ t2 :> "acq" @@ t3 :> "unattached")
/\ waited = (t1 :> FALSE @@ t2 :> FALSE @@ t3 :> FALSE)
/\ pending = (t1 :> FALSE @@ t2 :> TRUE @@ t3 :> FALSE)
/\ pcookie = (t1 :> 0 @@ t2 :> 3 @@ t3 :> 0)
/\ lease = (t1 :> FALSE @@ t2 :> TRUE @@ t3 :> FALSE)
/\ enq = (t1 :> FALSE @@ t2 :> FALSE @@ t3 :> FALSE)
/\ cookie = (t1 :> 0 @@ t2 :> 3 @@ t3 :> 0)
/\ owner = "none"

State 4: <Attach(t1) line 166, col 5 to line 176, col 59 of module ExplicitCookie>
/\ corrupt = FALSE
/\ done_e = (t1 :> FALSE @@ t2 :> FALSE @@ t3 :> FALSE)
/\ done_p = (t1 :> FALSE @@ t2 :> FALSE @@ t3 :> FALSE)
/\ done_s = (t1 :> FALSE @@ t2 :> FALSE @@ t3 :> FALSE)
/\ word = [own |-> 0, od |-> FALSE, wtr |-> FALSE]
/\ alive = (t1 :> TRUE @@ t2 :> TRUE @@ t3 :> TRUE)
/\ ecookie = 0
/\ pc = (t1 :> "idle" @@ t2 :> "acq" @@ t3 :> "unattached")
/\ waited = (t1 :> FALSE @@ t2 :> FALSE @@ t3 :> FALSE)
/\ pending = (t1 :> FALSE @@ t2 :> TRUE @@ t3 :> FALSE)
/\ pcookie = (t1 :> 0 @@ t2 :> 3 @@ t3 :> 0)
/\ lease = (t1 :> TRUE @@ t2 :> TRUE @@ t3 :> FALSE)
/\ enq = (t1 :> FALSE @@ t2 :> FALSE @@ t3 :> FALSE)
/\ cookie = (t1 :> 1 @@ t2 :> 3 @@ t3 :> 0)
/\ owner = "none"

State 5: <StartAcq(t1) line 186, col 5 to line 193, col 35 of module ExplicitCookie>
/\ corrupt = FALSE
/\ done_e = (t1 :> FALSE @@ t2 :> FALSE @@ t3 :> FALSE)
/\ done_p = (t1 :> FALSE @@ t2 :> FALSE @@ t3 :> FALSE)
/\ done_s = (t1 :> FALSE @@ t2 :> FALSE @@ t3 :> FALSE)
/\ word = [own |-> 0, od |-> FALSE, wtr |-> FALSE]
/\ alive = (t1 :> TRUE @@ t2 :> TRUE @@ t3 :> TRUE)
/\ ecookie = 0
/\ pc = (t1 :> "acq" @@ t2 :> "acq" @@ t3 :> "unattached")
/\ waited = (t1 :> FALSE @@ t2 :> FALSE @@ t3 :> FALSE)
/\ pending = (t1 :> TRUE @@ t2 :> TRUE @@ t3 :> FALSE)
/\ pcookie = (t1 :> 1 @@ t2 :> 3 @@ t3 :> 0)
/\ lease = (t1 :> TRUE @@ t2 :> TRUE @@ t3 :> FALSE)
/\ enq = (t1 :> FALSE @@ t2 :> FALSE @@ t3 :> FALSE)
/\ cookie = (t1 :> 1 @@ t2 :> 3 @@ t3 :> 0)
/\ owner = "none"

State 6: <Attach(t3) line 166, col 5 to line 176, col 59 of module ExplicitCookie>
/\ corrupt = FALSE
/\ done_e = (t1 :> FALSE @@ t2 :> FALSE @@ t3 :> FALSE)
/\ done_p = (t1 :> FALSE @@ t2 :> FALSE @@ t3 :> FALSE)
/\ done_s = (t1 :> FALSE @@ t2 :> FALSE @@ t3 :> FALSE)
/\ word = [own |-> 0, od |-> FALSE, wtr |-> FALSE]
/\ alive = (t1 :> TRUE @@ t2 :> TRUE @@ t3 :> TRUE)
/\ ecookie = 0
/\ pc = (t1 :> "acq" @@ t2 :> "acq" @@ t3 :> "idle")
/\ waited = (t1 :> FALSE @@ t2 :> FALSE @@ t3 :> FALSE)
/\ pending = (t1 :> TRUE @@ t2 :> TRUE @@ t3 :> FALSE)
/\ pcookie = (t1 :> 1 @@ t2 :> 3 @@ t3 :> 0)
/\ lease = (t1 :> TRUE @@ t2 :> TRUE @@ t3 :> TRUE)
/\ enq = (t1 :> FALSE @@ t2 :> FALSE @@ t3 :> FALSE)
/\ cookie = (t1 :> 1 @@ t2 :> 3 @@ t3 :> 2)
/\ owner = "none"

State 7: <Acquire(t2) line 197, col 5 to line 204, col 60 of module ExplicitCookie>
/\ corrupt = FALSE
/\ done_e = (t1 :> FALSE @@ t2 :> FALSE @@ t3 :> FALSE)
/\ done_p = (t1 :> FALSE @@ t2 :> FALSE @@ t3 :> FALSE)
/\ done_s = (t1 :> FALSE @@ t2 :> FALSE @@ t3 :> FALSE)
/\ word = [own |-> 3, od |-> FALSE, wtr |-> FALSE]
/\ alive = (t1 :> TRUE @@ t2 :> TRUE @@ t3 :> TRUE)
/\ ecookie = 0
/\ pc = (t1 :> "acq" @@ t2 :> "acquired" @@ t3 :> "idle")
/\ waited = (t1 :> FALSE @@ t2 :> FALSE @@ t3 :> FALSE)
/\ pending = (t1 :> TRUE @@ t2 :> TRUE @@ t3 :> FALSE)
/\ pcookie = (t1 :> 1 @@ t2 :> 3 @@ t3 :> 0)
/\ lease = (t1 :> TRUE @@ t2 :> TRUE @@ t3 :> TRUE)
/\ enq = (t1 :> FALSE @@ t2 :> FALSE @@ t3 :> FALSE)
/\ cookie = (t1 :> 1 @@ t2 :> 3 @@ t3 :> 2)
/\ owner = t2

State 8: <StartAcq(t3) line 186, col 5 to line 193, col 35 of module ExplicitCookie>
/\ corrupt = FALSE
/\ done_e = (t1 :> FALSE @@ t2 :> FALSE @@ t3 :> FALSE)
/\ done_p = (t1 :> FALSE @@ t2 :> FALSE @@ t3 :> FALSE)
/\ done_s = (t1 :> FALSE @@ t2 :> FALSE @@ t3 :> FALSE)
/\ word = [own |-> 3, od |-> FALSE, wtr |-> FALSE]
/\ alive = (t1 :> TRUE @@ t2 :> TRUE @@ t3 :> TRUE)
/\ ecookie = 0
/\ pc = (t1 :> "acq" @@ t2 :> "acquired" @@ t3 :> "acq")
/\ waited = (t1 :> FALSE @@ t2 :> FALSE @@ t3 :> FALSE)
/\ pending = (t1 :> TRUE @@ t2 :> TRUE @@ t3 :> TRUE)
/\ pcookie = (t1 :> 1 @@ t2 :> 3 @@ t3 :> 2)
/\ lease = (t1 :> TRUE @@ t2 :> TRUE @@ t3 :> TRUE)
/\ enq = (t1 :> FALSE @@ t2 :> FALSE @@ t3 :> FALSE)
/\ cookie = (t1 :> 1 @@ t2 :> 3 @@ t3 :> 2)
/\ owner = t2

State 9: <Sleep(t1) line 222, col 5 to line 228, col 59 of module ExplicitCookie>
/\ corrupt = FALSE
/\ done_e = (t1 :> FALSE @@ t2 :> FALSE @@ t3 :> FALSE)
/\ done_p = (t1 :> FALSE @@ t2 :> FALSE @@ t3 :> FALSE)
/\ done_s = (t1 :> FALSE @@ t2 :> FALSE @@ t3 :> FALSE)
/\ word = [own |-> 3, od |-> FALSE, wtr |-> TRUE]
/\ alive = (t1 :> TRUE @@ t2 :> TRUE @@ t3 :> TRUE)
/\ ecookie = 0
/\ pc = (t1 :> "sleeping" @@ t2 :> "acquired" @@ t3 :> "acq")
/\ waited = (t1 :> TRUE @@ t2 :> FALSE @@ t3 :> FALSE)
/\ pending = (t1 :> TRUE @@ t2 :> TRUE @@ t3 :> TRUE)
/\ pcookie = (t1 :> 1 @@ t2 :> 3 @@ t3 :> 2)
/\ lease = (t1 :> TRUE @@ t2 :> TRUE @@ t3 :> TRUE)
/\ enq = (t1 :> FALSE @@ t2 :> FALSE @@ t3 :> FALSE)
/\ cookie = (t1 :> 1 @@ t2 :> 3 @@ t3 :> 2)
/\ owner = t2

State 10: <WriteEntryCookie(t2) line 239, col 5 to line 243, col 67 of module ExplicitCookie>
/\ corrupt = FALSE
/\ done_e = (t1 :> FALSE @@ t2 :> FALSE @@ t3 :> FALSE)
/\ done_p = (t1 :> FALSE @@ t2 :> FALSE @@ t3 :> FALSE)
/\ done_s = (t1 :> FALSE @@ t2 :> FALSE @@ t3 :> FALSE)
/\ word = [own |-> 3, od |-> FALSE, wtr |-> TRUE]
/\ alive = (t1 :> TRUE @@ t2 :> TRUE @@ t3 :> TRUE)
/\ ecookie = 3
/\ pc = (t1 :> "sleeping" @@ t2 :> "cookied" @@ t3 :> "acq")
/\ waited = (t1 :> TRUE @@ t2 :> FALSE @@ t3 :> FALSE)
/\ pending = (t1 :> TRUE @@ t2 :> TRUE @@ t3 :> TRUE)
/\ pcookie = (t1 :> 1 @@ t2 :> 3 @@ t3 :> 2)
/\ lease = (t1 :> TRUE @@ t2 :> TRUE @@ t3 :> TRUE)
/\ enq = (t1 :> FALSE @@ t2 :> FALSE @@ t3 :> FALSE)
/\ cookie = (t1 :> 1 @@ t2 :> 3 @@ t3 :> 2)
/\ owner = t2

State 11: <Enqueue(t2) line 249, col 5 to line 253, col 67 of module ExplicitCookie>
/\ corrupt = FALSE
/\ done_e = (t1 :> FALSE @@ t2 :> FALSE @@ t3 :> FALSE)
/\ done_p = (t1 :> FALSE @@ t2 :> FALSE @@ t3 :> FALSE)
/\ done_s = (t1 :> FALSE @@ t2 :> FALSE @@ t3 :> FALSE)
/\ word = [own |-> 3, od |-> FALSE, wtr |-> TRUE]
/\ alive = (t1 :> TRUE @@ t2 :> TRUE @@ t3 :> TRUE)
/\ ecookie = 3
/\ pc = (t1 :> "sleeping" @@ t2 :> "enqueued" @@ t3 :> "acq")
/\ waited = (t1 :> TRUE @@ t2 :> FALSE @@ t3 :> FALSE)
/\ pending = (t1 :> TRUE @@ t2 :> TRUE @@ t3 :> TRUE)
/\ pcookie = (t1 :> 1 @@ t2 :> 3 @@ t3 :> 2)
/\ lease = (t1 :> TRUE @@ t2 :> TRUE @@ t3 :> TRUE)
/\ enq = (t1 :> FALSE @@ t2 :> TRUE @@ t3 :> FALSE)
/\ cookie = (t1 :> 1 @@ t2 :> 3 @@ t3 :> 2)
/\ owner = t2

State 12: <Sleep(t3) line 222, col 5 to line 228, col 59 of module ExplicitCookie>
/\ corrupt = FALSE
/\ done_e = (t1 :> FALSE @@ t2 :> FALSE @@ t3 :> FALSE)
/\ done_p = (t1 :> FALSE @@ t2 :> FALSE @@ t3 :> FALSE)
/\ done_s = (t1 :> FALSE @@ t2 :> FALSE @@ t3 :> FALSE)
/\ word = [own |-> 3, od |-> FALSE, wtr |-> TRUE]
/\ alive = (t1 :> TRUE @@ t2 :> TRUE @@ t3 :> TRUE)
/\ ecookie = 3
/\ pc = (t1 :> "sleeping" @@ t2 :> "enqueued" @@ t3 :> "sleeping")
/\ waited = (t1 :> TRUE @@ t2 :> FALSE @@ t3 :> TRUE)
/\ pending = (t1 :> TRUE @@ t2 :> TRUE @@ t3 :> TRUE)
/\ pcookie = (t1 :> 1 @@ t2 :> 3 @@ t3 :> 2)
/\ lease = (t1 :> TRUE @@ t2 :> TRUE @@ t3 :> TRUE)
/\ enq = (t1 :> FALSE @@ t2 :> TRUE @@ t3 :> FALSE)
/\ cookie = (t1 :> 1 @@ t2 :> 3 @@ t3 :> 2)
/\ owner = t2

State 13: <DisarmAcq(t2) line 256, col 5 to line 260, col 67 of module ExplicitCookie>
/\ corrupt = FALSE
/\ done_e = (t1 :> FALSE @@ t2 :> FALSE @@ t3 :> FALSE)
/\ done_p = (t1 :> FALSE @@ t2 :> FALSE @@ t3 :> FALSE)
/\ done_s = (t1 :> FALSE @@ t2 :> FALSE @@ t3 :> FALSE)
/\ word = [own |-> 3, od |-> FALSE, wtr |-> TRUE]
/\ alive = (t1 :> TRUE @@ t2 :> TRUE @@ t3 :> TRUE)
/\ ecookie = 3
/\ pc = (t1 :> "sleeping" @@ t2 :> "own" @@ t3 :> "sleeping")
/\ waited = (t1 :> TRUE @@ t2 :> FALSE @@ t3 :> TRUE)
/\ pending = (t1 :> TRUE @@ t2 :> FALSE @@ t3 :> TRUE)
/\ pcookie = (t1 :> 1 @@ t2 :> 3 @@ t3 :> 2)
/\ lease = (t1 :> TRUE @@ t2 :> TRUE @@ t3 :> TRUE)
/\ enq = (t1 :> FALSE @@ t2 :> TRUE @@ t3 :> FALSE)
/\ cookie = (t1 :> 1 @@ t2 :> 3 @@ t3 :> 2)
/\ owner = t2

State 14: <StartRel(t2) line 268, col 5 to line 274, col 51 of module ExplicitCookie>
/\ corrupt = FALSE
/\ done_e = (t1 :> FALSE @@ t2 :> FALSE @@ t3 :> FALSE)
/\ done_p = (t1 :> FALSE @@ t2 :> FALSE @@ t3 :> FALSE)
/\ done_s = (t1 :> FALSE @@ t2 :> FALSE @@ t3 :> FALSE)
/\ word = [own |-> 3, od |-> FALSE, wtr |-> TRUE]
/\ alive = (t1 :> TRUE @@ t2 :> TRUE @@ t3 :> TRUE)
/\ ecookie = 3
/\ pc = (t1 :> "sleeping" @@ t2 :> "rel" @@ t3 :> "sleeping")
/\ waited = (t1 :> TRUE @@ t2 :> FALSE @@ t3 :> TRUE)
/\ pending = (t1 :> TRUE @@ t2 :> TRUE @@ t3 :> TRUE)
/\ pcookie = (t1 :> 1 @@ t2 :> 3 @@ t3 :> 2)
/\ lease = (t1 :> TRUE @@ t2 :> TRUE @@ t3 :> TRUE)
/\ enq = (t1 :> FALSE @@ t2 :> FALSE @@ t3 :> FALSE)
/\ cookie = (t1 :> 1 @@ t2 :> 3 @@ t3 :> 2)
/\ owner = t2

State 15: <Release(t2) line 281, col 5 to line 288, col 60 of module ExplicitCookie>
/\ corrupt = FALSE
/\ done_e = (t1 :> FALSE @@ t2 :> FALSE @@ t3 :> FALSE)
/\ done_p = (t1 :> FALSE @@ t2 :> FALSE @@ t3 :> FALSE)
/\ done_s = (t1 :> FALSE @@ t2 :> FALSE @@ t3 :> FALSE)
/\ word = [own |-> 0, od |-> FALSE, wtr |-> FALSE]
/\ alive = (t1 :> TRUE @@ t2 :> TRUE @@ t3 :> TRUE)
/\ ecookie = 3
/\ pc = (t1 :> "sleeping" @@ t2 :> "unlocked" @@ t3 :> "acq")
/\ waited = (t1 :> TRUE @@ t2 :> FALSE @@ t3 :> TRUE)
/\ pending = (t1 :> TRUE @@ t2 :> TRUE @@ t3 :> TRUE)
/\ pcookie = (t1 :> 1 @@ t2 :> 3 @@ t3 :> 2)
/\ lease = (t1 :> TRUE @@ t2 :> TRUE @@ t3 :> TRUE)
/\ enq = (t1 :> FALSE @@ t2 :> FALSE @@ t3 :> FALSE)
/\ cookie = (t1 :> 1 @@ t2 :> 3 @@ t3 :> 2)
/\ owner = "none"

State 16: <FinishRel(t2) line 292, col 5 to line 296, col 67 of module ExplicitCookie>
/\ corrupt = FALSE
/\ done_e = (t1 :> FALSE @@ t2 :> FALSE @@ t3 :> FALSE)
/\ done_p = (t1 :> FALSE @@ t2 :> FALSE @@ t3 :> FALSE)
/\ done_s = (t1 :> FALSE @@ t2 :> FALSE @@ t3 :> FALSE)
/\ word = [own |-> 0, od |-> FALSE, wtr |-> FALSE]
/\ alive = (t1 :> TRUE @@ t2 :> TRUE @@ t3 :> TRUE)
/\ ecookie = 3
/\ pc = (t1 :> "sleeping" @@ t2 :> "idle" @@ t3 :> "acq")
/\ waited = (t1 :> TRUE @@ t2 :> FALSE @@ t3 :> TRUE)
/\ pending = (t1 :> TRUE @@ t2 :> FALSE @@ t3 :> TRUE)
/\ pcookie = (t1 :> 1 @@ t2 :> 3 @@ t3 :> 2)
/\ lease = (t1 :> TRUE @@ t2 :> TRUE @@ t3 :> TRUE)
/\ enq = (t1 :> FALSE @@ t2 :> FALSE @@ t3 :> FALSE)
/\ cookie = (t1 :> 1 @@ t2 :> 3 @@ t3 :> 2)
/\ owner = "none"

State 17: <Acquire(t3) line 197, col 5 to line 204, col 60 of module ExplicitCookie>
/\ corrupt = FALSE
/\ done_e = (t1 :> FALSE @@ t2 :> FALSE @@ t3 :> FALSE)
/\ done_p = (t1 :> FALSE @@ t2 :> FALSE @@ t3 :> FALSE)
/\ done_s = (t1 :> FALSE @@ t2 :> FALSE @@ t3 :> FALSE)
/\ word = [own |-> 2, od |-> FALSE, wtr |-> FALSE]
/\ alive = (t1 :> TRUE @@ t2 :> TRUE @@ t3 :> TRUE)
/\ ecookie = 3
/\ pc = (t1 :> "sleeping" @@ t2 :> "idle" @@ t3 :> "acquired")
/\ waited = (t1 :> TRUE @@ t2 :> FALSE @@ t3 :> TRUE)
/\ pending = (t1 :> TRUE @@ t2 :> FALSE @@ t3 :> TRUE)
/\ pcookie = (t1 :> 1 @@ t2 :> 3 @@ t3 :> 2)
/\ lease = (t1 :> TRUE @@ t2 :> TRUE @@ t3 :> TRUE)
/\ enq = (t1 :> FALSE @@ t2 :> FALSE @@ t3 :> FALSE)
/\ cookie = (t1 :> 1 @@ t2 :> 3 @@ t3 :> 2)
/\ owner = t3

State 18: <Die(t3) line 308, col 5 to line 313, col 59 of module ExplicitCookie>
/\ corrupt = FALSE
/\ done_e = (t1 :> FALSE @@ t2 :> FALSE @@ t3 :> FALSE)
/\ done_p = (t1 :> FALSE @@ t2 :> FALSE @@ t3 :> FALSE)
/\ done_s = (t1 :> FALSE @@ t2 :> FALSE @@ t3 :> FALSE)
/\ word = [own |-> 2, od |-> FALSE, wtr |-> FALSE]
/\ alive = (t1 :> TRUE @@ t2 :> TRUE @@ t3 :> FALSE)
/\ ecookie = 3
/\ pc = (t1 :> "sleeping" @@ t2 :> "idle" @@ t3 :> "acquired")
/\ waited = (t1 :> TRUE @@ t2 :> FALSE @@ t3 :> TRUE)
/\ pending = (t1 :> TRUE @@ t2 :> FALSE @@ t3 :> TRUE)
/\ pcookie = (t1 :> 1 @@ t2 :> 3 @@ t3 :> 2)
/\ lease = (t1 :> TRUE @@ t2 :> TRUE @@ t3 :> TRUE)
/\ enq = (t1 :> FALSE @@ t2 :> FALSE @@ t3 :> FALSE)
/\ cookie = (t1 :> 1 @@ t2 :> 3 @@ t3 :> 2)
/\ owner = t3

State 19: <CleanupPending(t3) line 357, col 5 to line 394, col 43 of module ExplicitCookie>
/\ corrupt = FALSE
/\ done_e = (t1 :> FALSE @@ t2 :> FALSE @@ t3 :> FALSE)
/\ done_p = (t1 :> FALSE @@ t2 :> FALSE @@ t3 :> TRUE)
/\ done_s = (t1 :> FALSE @@ t2 :> FALSE @@ t3 :> FALSE)
/\ word = [own |-> 0, od |-> TRUE, wtr |-> FALSE]
/\ alive = (t1 :> TRUE @@ t2 :> TRUE @@ t3 :> FALSE)
/\ ecookie = 3
/\ pc = (t1 :> "sleeping" @@ t2 :> "idle" @@ t3 :> "acquired")
/\ waited = (t1 :> TRUE @@ t2 :> FALSE @@ t3 :> TRUE)
/\ pending = (t1 :> TRUE @@ t2 :> FALSE @@ t3 :> TRUE)
/\ pcookie = (t1 :> 1 @@ t2 :> 3 @@ t3 :> 2)
/\ lease = (t1 :> TRUE @@ t2 :> TRUE @@ t3 :> TRUE)
/\ enq = (t1 :> FALSE @@ t2 :> FALSE @@ t3 :> FALSE)
/\ cookie = (t1 :> 1 @@ t2 :> 3 @@ t3 :> 2)
/\ owner = "none"

State 20: <CleanupEntry(t3) line 335, col 5 to line 353, col 43 of module ExplicitCookie>
/\ corrupt = FALSE
/\ done_e = (t1 :> FALSE @@ t2 :> FALSE @@ t3 :> TRUE)
/\ done_p = (t1 :> FALSE @@ t2 :> FALSE @@ t3 :> TRUE)
/\ done_s = (t1 :> FALSE @@ t2 :> FALSE @@ t3 :> FALSE)
/\ word = [own |-> 0, od |-> TRUE, wtr |-> FALSE]
/\ alive = (t1 :> TRUE @@ t2 :> TRUE @@ t3 :> FALSE)
/\ ecookie = 3
/\ pc = (t1 :> "sleeping" @@ t2 :> "idle" @@ t3 :> "acquired")
/\ waited = (t1 :> TRUE @@ t2 :> FALSE @@ t3 :> TRUE)
/\ pending = (t1 :> TRUE @@ t2 :> FALSE @@ t3 :> TRUE)
/\ pcookie = (t1 :> 1 @@ t2 :> 3 @@ t3 :> 2)
/\ lease = (t1 :> TRUE @@ t2 :> TRUE @@ t3 :> TRUE)
/\ enq = (t1 :> FALSE @@ t2 :> FALSE @@ t3 :> FALSE)
/\ cookie = (t1 :> 1 @@ t2 :> 3 @@ t3 :> 2)
/\ owner = "none"

State 21: <CleanupSlot(t3) line 325, col 5 to line 330, col 59 of module ExplicitCookie>
/\ corrupt = FALSE
/\ done_e = (t1 :> FALSE @@ t2 :> FALSE @@ t3 :> TRUE)
/\ done_p = (t1 :> FALSE @@ t2 :> FALSE @@ t3 :> TRUE)
/\ done_s = (t1 :> FALSE @@ t2 :> FALSE @@ t3 :> TRUE)
/\ word = [own |-> 0, od |-> TRUE, wtr |-> FALSE]
/\ alive = (t1 :> TRUE @@ t2 :> TRUE @@ t3 :> FALSE)
/\ ecookie = 3
/\ pc = (t1 :> "sleeping" @@ t2 :> "idle" @@ t3 :> "acquired")
/\ waited = (t1 :> TRUE @@ t2 :> FALSE @@ t3 :> TRUE)
/\ pending = (t1 :> TRUE @@ t2 :> FALSE @@ t3 :> TRUE)
/\ pcookie = (t1 :> 1 @@ t2 :> 3 @@ t3 :> 2)
/\ lease = (t1 :> TRUE @@ t2 :> TRUE @@ t3 :> FALSE)
/\ enq = (t1 :> FALSE @@ t2 :> FALSE @@ t3 :> FALSE)
/\ cookie = (t1 :> 1 @@ t2 :> 3 @@ t3 :> 2)
/\ owner = "none"

State 22: <Reincarnate(t3) line 400, col 5 to line 412, col 50 of module ExplicitCookie>
/\ corrupt = FALSE
/\ done_e = (t1 :> FALSE @@ t2 :> FALSE @@ t3 :> FALSE)
/\ done_p = (t1 :> FALSE @@ t2 :> FALSE @@ t3 :> FALSE)
/\ done_s = (t1 :> FALSE @@ t2 :> FALSE @@ t3 :> FALSE)
/\ word = [own |-> 0, od |-> TRUE, wtr |-> FALSE]
/\ alive = (t1 :> TRUE @@ t2 :> TRUE @@ t3 :> TRUE)
/\ ecookie = 3
/\ pc = (t1 :> "sleeping" @@ t2 :> "idle" @@ t3 :> "unattached")
/\ waited = (t1 :> TRUE @@ t2 :> FALSE @@ t3 :> FALSE)
/\ pending = (t1 :> TRUE @@ t2 :> FALSE @@ t3 :> FALSE)
/\ pcookie = (t1 :> 1 @@ t2 :> 3 @@ t3 :> 0)
/\ lease = (t1 :> TRUE @@ t2 :> TRUE @@ t3 :> FALSE)
/\ enq = (t1 :> FALSE @@ t2 :> FALSE @@ t3 :> FALSE)
/\ cookie = (t1 :> 1 @@ t2 :> 3 @@ t3 :> 0)
/\ owner = "none"

State 23: Stuttering
Finished checking temporal properties in 07s at 2026-07-18 03:48:31
14302153 states generated, 4936293 distinct states found, 1078718 states left on queue.
The depth of the complete state graph search is 29.
Finished in 01min 11s at (2026-07-18 03:48:32)
Trace exploration spec path: ./MCExplicitLostWaiter_TTrace_1784346440.tla
