TLC2 Version 2026.07.15.134331 (rev: 227f61b)
Running breadth-first search Model-Checking with fp 73 and seed 1339884400713426597 with 8 workers on 128 cores with 27305MB heap and 64MB offheap memory [pid: 164037] (Linux 6.8.0-134-generic amd64, Debian 11.0.24 64bit, MSBDiskFPSet, DiskStateQueue).
Parsing file /workspace/robust-futex-work/tla/MCWRetainNoExitWake.tla
Parsing file /workspace/robust-futex-work/tla/WaitersRetain.tla
Parsing file /tmp/tlc-10069731015660460834/_TLCTrace.tla (jar:file:/workspace/robust-futex-work/tla/tla2tools.jar!/tla2sany/StandardModules/_TLCTrace.tla)
Parsing file /tmp/tlc-10069731015660460834/Naturals.tla (jar:file:/workspace/robust-futex-work/tla/tla2tools.jar!/tla2sany/StandardModules/Naturals.tla)
Parsing file /tmp/tlc-10069731015660460834/Sequences.tla (jar:file:/workspace/robust-futex-work/tla/tla2tools.jar!/tla2sany/StandardModules/Sequences.tla)
Parsing file /tmp/tlc-10069731015660460834/FiniteSets.tla (jar:file:/workspace/robust-futex-work/tla/tla2tools.jar!/tla2sany/StandardModules/FiniteSets.tla)
Parsing file /tmp/tlc-10069731015660460834/TLC.tla (jar:file:/workspace/robust-futex-work/tla/tla2tools.jar!/tla2sany/StandardModules/TLC.tla)
Parsing file /tmp/tlc-10069731015660460834/TLCExt.tla (jar:file:/workspace/robust-futex-work/tla/tla2tools.jar!/tla2sany/StandardModules/TLCExt.tla)
Parsing file /tmp/tlc-10069731015660460834/Integers.tla (jar:file:/workspace/robust-futex-work/tla/tla2tools.jar!/tla2sany/StandardModules/Integers.tla)
Semantic processing of module Naturals
Semantic processing of module Sequences
Semantic processing of module FiniteSets
Semantic processing of module WaitersRetain
Semantic processing of module TLC
Semantic processing of module Integers
Semantic processing of module TLCExt
Semantic processing of module _TLCTrace
Semantic processing of module MCWRetainNoExitWake
Linting of module WaitersRetain
Linting of module TLCExt
Linting of module _TLCTrace
Linting of module MCWRetainNoExitWake
Starting... (2026-07-23 03:48:50)
Implied-temporal checking--satisfiability problem has 3 branches.
Computing initial states...
Finished computing initial states: 1 distinct state generated at 2026-07-23 03:48:50.
Checking 3 branches of temporal properties for the current state space with 96879 total distinct states at (2026-07-23 03:48:53)
Finished checking temporal properties in 00s at 2026-07-23 03:48:53
Progress(16) at 2026-07-23 03:48:53: 80,285 states generated (80,285 s/min), 32,294 distinct states found (32,294 ds/min), 11,942 states left on queue.
Checking 3 branches of temporal properties for the current state space with 5051175 total distinct states at (2026-07-23 03:49:53)
Error: Temporal property WaiterServed was violated.

Error: The following behavior constitutes a counter-example:

State 1: <Initial predicate>
/\ word = [own |-> 0, od |-> FALSE, wtr |-> FALSE]
/\ alive = <<TRUE, TRUE, TRUE>>
/\ q = <<>>
/\ pc = <<"idle", "idle", "idle">>
/\ waited = <<FALSE, FALSE, FALSE>>
/\ pending = <<FALSE, FALSE, FALSE>>
/\ assume_w = <<FALSE, FALSE, FALSE>>
/\ srem = <<FALSE, FALSE, FALSE>>
/\ expw = << [own |-> 0, od |-> FALSE, wtr |-> FALSE],
   [own |-> 0, od |-> FALSE, wtr |-> FALSE],
   [own |-> 0, od |-> FALSE, wtr |-> FALSE] >>
/\ enq = <<FALSE, FALSE, FALSE>>
/\ wsnap = << [own |-> 0, od |-> FALSE, wtr |-> FALSE],
   [own |-> 0, od |-> FALSE, wtr |-> FALSE],
   [own |-> 0, od |-> FALSE, wtr |-> FALSE] >>
/\ wpc = <<"run", "run", "run">>

State 2: <StartAcq(1) line 153, col 5 to line 158, col 64 of module WaitersRetain>
/\ word = [own |-> 0, od |-> FALSE, wtr |-> FALSE]
/\ alive = <<TRUE, TRUE, TRUE>>
/\ q = <<>>
/\ pc = <<"acq", "idle", "idle">>
/\ waited = <<FALSE, FALSE, FALSE>>
/\ pending = <<TRUE, FALSE, FALSE>>
/\ assume_w = <<FALSE, FALSE, FALSE>>
/\ srem = <<FALSE, FALSE, FALSE>>
/\ expw = << [own |-> 0, od |-> FALSE, wtr |-> FALSE],
   [own |-> 0, od |-> FALSE, wtr |-> FALSE],
   [own |-> 0, od |-> FALSE, wtr |-> FALSE] >>
/\ enq = <<FALSE, FALSE, FALSE>>
/\ wsnap = << [own |-> 0, od |-> FALSE, wtr |-> FALSE],
   [own |-> 0, od |-> FALSE, wtr |-> FALSE],
   [own |-> 0, od |-> FALSE, wtr |-> FALSE] >>
/\ wpc = <<"run", "run", "run">>

State 3: <StartAcq(2) line 153, col 5 to line 158, col 64 of module WaitersRetain>
/\ word = [own |-> 0, od |-> FALSE, wtr |-> FALSE]
/\ alive = <<TRUE, TRUE, TRUE>>
/\ q = <<>>
/\ pc = <<"acq", "acq", "idle">>
/\ waited = <<FALSE, FALSE, FALSE>>
/\ pending = <<TRUE, TRUE, FALSE>>
/\ assume_w = <<FALSE, FALSE, FALSE>>
/\ srem = <<FALSE, FALSE, FALSE>>
/\ expw = << [own |-> 0, od |-> FALSE, wtr |-> FALSE],
   [own |-> 0, od |-> FALSE, wtr |-> FALSE],
   [own |-> 0, od |-> FALSE, wtr |-> FALSE] >>
/\ enq = <<FALSE, FALSE, FALSE>>
/\ wsnap = << [own |-> 0, od |-> FALSE, wtr |-> FALSE],
   [own |-> 0, od |-> FALSE, wtr |-> FALSE],
   [own |-> 0, od |-> FALSE, wtr |-> FALSE] >>
/\ wpc = <<"run", "run", "run">>

State 4: <StartAcq(3) line 153, col 5 to line 158, col 64 of module WaitersRetain>
/\ word = [own |-> 0, od |-> FALSE, wtr |-> FALSE]
/\ alive = <<TRUE, TRUE, TRUE>>
/\ q = <<>>
/\ pc = <<"acq", "acq", "acq">>
/\ waited = <<FALSE, FALSE, FALSE>>
/\ pending = <<TRUE, TRUE, TRUE>>
/\ assume_w = <<FALSE, FALSE, FALSE>>
/\ srem = <<FALSE, FALSE, FALSE>>
/\ expw = << [own |-> 0, od |-> FALSE, wtr |-> FALSE],
   [own |-> 0, od |-> FALSE, wtr |-> FALSE],
   [own |-> 0, od |-> FALSE, wtr |-> FALSE] >>
/\ enq = <<FALSE, FALSE, FALSE>>
/\ wsnap = << [own |-> 0, od |-> FALSE, wtr |-> FALSE],
   [own |-> 0, od |-> FALSE, wtr |-> FALSE],
   [own |-> 0, od |-> FALSE, wtr |-> FALSE] >>
/\ wpc = <<"run", "run", "run">>

State 5: <TryAcquire(1) line 166, col 5 to line 172, col 31 of module WaitersRetain>
/\ word = [own |-> 1, od |-> FALSE, wtr |-> FALSE]
/\ alive = <<TRUE, TRUE, TRUE>>
/\ q = <<>>
/\ pc = <<"acquired", "acq", "acq">>
/\ waited = <<FALSE, FALSE, FALSE>>
/\ pending = <<TRUE, TRUE, TRUE>>
/\ assume_w = <<FALSE, FALSE, FALSE>>
/\ srem = <<FALSE, FALSE, FALSE>>
/\ expw = << [own |-> 0, od |-> FALSE, wtr |-> FALSE],
   [own |-> 0, od |-> FALSE, wtr |-> FALSE],
   [own |-> 0, od |-> FALSE, wtr |-> FALSE] >>
/\ enq = <<FALSE, FALSE, FALSE>>
/\ wsnap = << [own |-> 0, od |-> FALSE, wtr |-> FALSE],
   [own |-> 0, od |-> FALSE, wtr |-> FALSE],
   [own |-> 0, od |-> FALSE, wtr |-> FALSE] >>
/\ wpc = <<"run", "run", "run">>

State 6: <Die(1) line 340, col 5 to line 346, col 26 of module WaitersRetain>
/\ word = [own |-> 1, od |-> FALSE, wtr |-> FALSE]
/\ alive = <<FALSE, TRUE, TRUE>>
/\ q = <<>>
/\ pc = <<"acquired", "acq", "acq">>
/\ waited = <<FALSE, FALSE, FALSE>>
/\ pending = <<TRUE, TRUE, TRUE>>
/\ assume_w = <<FALSE, FALSE, FALSE>>
/\ srem = <<FALSE, FALSE, FALSE>>
/\ expw = << [own |-> 0, od |-> FALSE, wtr |-> FALSE],
   [own |-> 0, od |-> FALSE, wtr |-> FALSE],
   [own |-> 0, od |-> FALSE, wtr |-> FALSE] >>
/\ enq = <<FALSE, FALSE, FALSE>>
/\ wsnap = << [own |-> 0, od |-> FALSE, wtr |-> FALSE],
   [own |-> 0, od |-> FALSE, wtr |-> FALSE],
   [own |-> 0, od |-> FALSE, wtr |-> FALSE] >>
/\ wpc = <<"e_read", "run", "run">>

State 7: <WalkEntryRead(1) line 351, col 5 to line 358, col 31 of module WaitersRetain>
/\ word = [own |-> 1, od |-> FALSE, wtr |-> FALSE]
/\ alive = <<FALSE, TRUE, TRUE>>
/\ q = <<>>
/\ pc = <<"acquired", "acq", "acq">>
/\ waited = <<FALSE, FALSE, FALSE>>
/\ pending = <<TRUE, TRUE, TRUE>>
/\ assume_w = <<FALSE, FALSE, FALSE>>
/\ srem = <<FALSE, FALSE, FALSE>>
/\ expw = << [own |-> 0, od |-> FALSE, wtr |-> FALSE],
   [own |-> 0, od |-> FALSE, wtr |-> FALSE],
   [own |-> 0, od |-> FALSE, wtr |-> FALSE] >>
/\ enq = <<FALSE, FALSE, FALSE>>
/\ wsnap = << [own |-> 0, od |-> FALSE, wtr |-> FALSE],
   [own |-> 0, od |-> FALSE, wtr |-> FALSE],
   [own |-> 0, od |-> FALSE, wtr |-> FALSE] >>
/\ wpc = <<"p_read", "run", "run">>

State 8: <SetWtr(2) line 187, col 5 to line 193, col 69 of module WaitersRetain>
/\ word = [own |-> 1, od |-> FALSE, wtr |-> TRUE]
/\ alive = <<FALSE, TRUE, TRUE>>
/\ q = <<>>
/\ pc = <<"acquired", "waitpre", "acq">>
/\ waited = <<FALSE, FALSE, FALSE>>
/\ pending = <<TRUE, TRUE, TRUE>>
/\ assume_w = <<FALSE, TRUE, FALSE>>
/\ srem = <<FALSE, FALSE, FALSE>>
/\ expw = << [own |-> 0, od |-> FALSE, wtr |-> FALSE],
   [own |-> 1, od |-> FALSE, wtr |-> TRUE],
   [own |-> 0, od |-> FALSE, wtr |-> FALSE] >>
/\ enq = <<FALSE, FALSE, FALSE>>
/\ wsnap = << [own |-> 0, od |-> FALSE, wtr |-> FALSE],
   [own |-> 0, od |-> FALSE, wtr |-> FALSE],
   [own |-> 0, od |-> FALSE, wtr |-> FALSE] >>
/\ wpc = <<"p_read", "run", "run">>

State 9: <SnapWait(3) line 197, col 5 to line 202, col 75 of module WaitersRetain>
/\ word = [own |-> 1, od |-> FALSE, wtr |-> TRUE]
/\ alive = <<FALSE, TRUE, TRUE>>
/\ q = <<>>
/\ pc = <<"acquired", "waitpre", "waitpre">>
/\ waited = <<FALSE, FALSE, FALSE>>
/\ pending = <<TRUE, TRUE, TRUE>>
/\ assume_w = <<FALSE, TRUE, TRUE>>
/\ srem = <<FALSE, FALSE, FALSE>>
/\ expw = << [own |-> 0, od |-> FALSE, wtr |-> FALSE],
   [own |-> 1, od |-> FALSE, wtr |-> TRUE],
   [own |-> 1, od |-> FALSE, wtr |-> TRUE] >>
/\ enq = <<FALSE, FALSE, FALSE>>
/\ wsnap = << [own |-> 0, od |-> FALSE, wtr |-> FALSE],
   [own |-> 0, od |-> FALSE, wtr |-> FALSE],
   [own |-> 0, od |-> FALSE, wtr |-> FALSE] >>
/\ wpc = <<"p_read", "run", "run">>

State 10: <WalkPendingRead(1) line 394, col 5 to line 401, col 31 of module WaitersRetain>
/\ word = [own |-> 1, od |-> FALSE, wtr |-> TRUE]
/\ alive = <<FALSE, TRUE, TRUE>>
/\ q = <<>>
/\ pc = <<"acquired", "waitpre", "waitpre">>
/\ waited = <<FALSE, FALSE, FALSE>>
/\ pending = <<TRUE, TRUE, TRUE>>
/\ assume_w = <<FALSE, TRUE, TRUE>>
/\ srem = <<FALSE, FALSE, FALSE>>
/\ expw = << [own |-> 0, od |-> FALSE, wtr |-> FALSE],
   [own |-> 1, od |-> FALSE, wtr |-> TRUE],
   [own |-> 1, od |-> FALSE, wtr |-> TRUE] >>
/\ enq = <<FALSE, FALSE, FALSE>>
/\ wsnap = << [own |-> 1, od |-> FALSE, wtr |-> TRUE],
   [own |-> 0, od |-> FALSE, wtr |-> FALSE],
   [own |-> 0, od |-> FALSE, wtr |-> FALSE] >>
/\ wpc = <<"p_chk", "run", "run">>

State 11: <FutexWait(3) line 210, col 5 to line 219, col 26 of module WaitersRetain>
/\ word = [own |-> 1, od |-> FALSE, wtr |-> TRUE]
/\ alive = <<FALSE, TRUE, TRUE>>
/\ q = <<3>>
/\ pc = <<"acquired", "waitpre", "sleeping">>
/\ waited = <<FALSE, FALSE, TRUE>>
/\ pending = <<TRUE, TRUE, TRUE>>
/\ assume_w = <<FALSE, TRUE, TRUE>>
/\ srem = <<FALSE, FALSE, FALSE>>
/\ expw = << [own |-> 0, od |-> FALSE, wtr |-> FALSE],
   [own |-> 1, od |-> FALSE, wtr |-> TRUE],
   [own |-> 1, od |-> FALSE, wtr |-> TRUE] >>
/\ enq = <<FALSE, FALSE, FALSE>>
/\ wsnap = << [own |-> 1, od |-> FALSE, wtr |-> TRUE],
   [own |-> 0, od |-> FALSE, wtr |-> FALSE],
   [own |-> 0, od |-> FALSE, wtr |-> FALSE] >>
/\ wpc = <<"p_chk", "run", "run">>

State 12: <FutexWait(2) line 210, col 5 to line 219, col 26 of module WaitersRetain>
/\ word = [own |-> 1, od |-> FALSE, wtr |-> TRUE]
/\ alive = <<FALSE, TRUE, TRUE>>
/\ q = <<3, 2>>
/\ pc = <<"acquired", "sleeping", "sleeping">>
/\ waited = <<FALSE, TRUE, TRUE>>
/\ pending = <<TRUE, TRUE, TRUE>>
/\ assume_w = <<FALSE, TRUE, TRUE>>
/\ srem = <<FALSE, FALSE, FALSE>>
/\ expw = << [own |-> 0, od |-> FALSE, wtr |-> FALSE],
   [own |-> 1, od |-> FALSE, wtr |-> TRUE],
   [own |-> 1, od |-> FALSE, wtr |-> TRUE] >>
/\ enq = <<FALSE, FALSE, FALSE>>
/\ wsnap = << [own |-> 1, od |-> FALSE, wtr |-> TRUE],
   [own |-> 0, od |-> FALSE, wtr |-> FALSE],
   [own |-> 0, od |-> FALSE, wtr |-> FALSE] >>
/\ wpc = <<"p_chk", "run", "run">>

State 13: <WalkPendingChk(1) line 409, col 5 to line 427, col 25 of module WaitersRetain>
/\ word = [own |-> 0, od |-> TRUE, wtr |-> TRUE]
/\ alive = <<FALSE, TRUE, TRUE>>
/\ q = <<3, 2>>
/\ pc = <<"acquired", "sleeping", "sleeping">>
/\ waited = <<FALSE, TRUE, TRUE>>
/\ pending = <<TRUE, TRUE, TRUE>>
/\ assume_w = <<FALSE, TRUE, TRUE>>
/\ srem = <<FALSE, FALSE, FALSE>>
/\ expw = << [own |-> 0, od |-> FALSE, wtr |-> FALSE],
   [own |-> 1, od |-> FALSE, wtr |-> TRUE],
   [own |-> 1, od |-> FALSE, wtr |-> TRUE] >>
/\ enq = <<FALSE, FALSE, FALSE>>
/\ wsnap = << [own |-> 0, od |-> FALSE, wtr |-> FALSE],
   [own |-> 0, od |-> FALSE, wtr |-> FALSE],
   [own |-> 0, od |-> FALSE, wtr |-> FALSE] >>
/\ wpc = <<"p_wake", "run", "run">>

State 14: <WalkPendingWake(1) line 431, col 5 to line 439, col 26 of module WaitersRetain>
/\ word = [own |-> 0, od |-> TRUE, wtr |-> TRUE]
/\ alive = <<FALSE, TRUE, TRUE>>
/\ q = <<2>>
/\ pc = <<"acquired", "sleeping", "acq">>
/\ waited = <<FALSE, TRUE, TRUE>>
/\ pending = <<TRUE, TRUE, TRUE>>
/\ assume_w = <<FALSE, TRUE, TRUE>>
/\ srem = <<FALSE, FALSE, FALSE>>
/\ expw = << [own |-> 0, od |-> FALSE, wtr |-> FALSE],
   [own |-> 1, od |-> FALSE, wtr |-> TRUE],
   [own |-> 1, od |-> FALSE, wtr |-> TRUE] >>
/\ enq = <<FALSE, FALSE, FALSE>>
/\ wsnap = << [own |-> 0, od |-> FALSE, wtr |-> FALSE],
   [own |-> 0, od |-> FALSE, wtr |-> FALSE],
   [own |-> 0, od |-> FALSE, wtr |-> FALSE] >>
/\ wpc = <<"done", "run", "run">>

State 15: <Reincarnate(1) line 443, col 5 to line 454, col 28 of module WaitersRetain>
/\ word = [own |-> 0, od |-> TRUE, wtr |-> TRUE]
/\ alive = <<TRUE, TRUE, TRUE>>
/\ q = <<2>>
/\ pc = <<"idle", "sleeping", "acq">>
/\ waited = <<FALSE, TRUE, TRUE>>
/\ pending = <<FALSE, TRUE, TRUE>>
/\ assume_w = <<FALSE, TRUE, TRUE>>
/\ srem = <<FALSE, FALSE, FALSE>>
/\ expw = << [own |-> 0, od |-> FALSE, wtr |-> FALSE],
   [own |-> 1, od |-> FALSE, wtr |-> TRUE],
   [own |-> 1, od |-> FALSE, wtr |-> TRUE] >>
/\ enq = <<FALSE, FALSE, FALSE>>
/\ wsnap = << [own |-> 0, od |-> FALSE, wtr |-> FALSE],
   [own |-> 0, od |-> FALSE, wtr |-> FALSE],
   [own |-> 0, od |-> FALSE, wtr |-> FALSE] >>
/\ wpc = <<"run", "run", "run">>

State 16: <Die(3) line 340, col 5 to line 346, col 26 of module WaitersRetain>
/\ word = [own |-> 0, od |-> TRUE, wtr |-> TRUE]
/\ alive = <<TRUE, TRUE, FALSE>>
/\ q = <<2>>
/\ pc = <<"idle", "sleeping", "acq">>
/\ waited = <<FALSE, TRUE, TRUE>>
/\ pending = <<FALSE, TRUE, TRUE>>
/\ assume_w = <<FALSE, TRUE, TRUE>>
/\ srem = <<FALSE, FALSE, FALSE>>
/\ expw = << [own |-> 0, od |-> FALSE, wtr |-> FALSE],
   [own |-> 1, od |-> FALSE, wtr |-> TRUE],
   [own |-> 1, od |-> FALSE, wtr |-> TRUE] >>
/\ enq = <<FALSE, FALSE, FALSE>>
/\ wsnap = << [own |-> 0, od |-> FALSE, wtr |-> FALSE],
   [own |-> 0, od |-> FALSE, wtr |-> FALSE],
   [own |-> 0, od |-> FALSE, wtr |-> FALSE] >>
/\ wpc = <<"run", "run", "e_read">>

State 17: <WalkEntryRead(3) line 351, col 5 to line 358, col 31 of module WaitersRetain>
/\ word = [own |-> 0, od |-> TRUE, wtr |-> TRUE]
/\ alive = <<TRUE, TRUE, FALSE>>
/\ q = <<2>>
/\ pc = <<"idle", "sleeping", "acq">>
/\ waited = <<FALSE, TRUE, TRUE>>
/\ pending = <<FALSE, TRUE, TRUE>>
/\ assume_w = <<FALSE, TRUE, TRUE>>
/\ srem = <<FALSE, FALSE, FALSE>>
/\ expw = << [own |-> 0, od |-> FALSE, wtr |-> FALSE],
   [own |-> 1, od |-> FALSE, wtr |-> TRUE],
   [own |-> 1, od |-> FALSE, wtr |-> TRUE] >>
/\ enq = <<FALSE, FALSE, FALSE>>
/\ wsnap = << [own |-> 0, od |-> FALSE, wtr |-> FALSE],
   [own |-> 0, od |-> FALSE, wtr |-> FALSE],
   [own |-> 0, od |-> FALSE, wtr |-> FALSE] >>
/\ wpc = <<"run", "run", "p_read">>

State 18: <WalkPendingRead(3) line 394, col 5 to line 401, col 31 of module WaitersRetain>
/\ word = [own |-> 0, od |-> TRUE, wtr |-> TRUE]
/\ alive = <<TRUE, TRUE, FALSE>>
/\ q = <<2>>
/\ pc = <<"idle", "sleeping", "acq">>
/\ waited = <<FALSE, TRUE, TRUE>>
/\ pending = <<FALSE, TRUE, TRUE>>
/\ assume_w = <<FALSE, TRUE, TRUE>>
/\ srem = <<FALSE, FALSE, FALSE>>
/\ expw = << [own |-> 0, od |-> FALSE, wtr |-> FALSE],
   [own |-> 1, od |-> FALSE, wtr |-> TRUE],
   [own |-> 1, od |-> FALSE, wtr |-> TRUE] >>
/\ enq = <<FALSE, FALSE, FALSE>>
/\ wsnap = << [own |-> 0, od |-> FALSE, wtr |-> FALSE],
   [own |-> 0, od |-> FALSE, wtr |-> FALSE],
   [own |-> 0, od |-> TRUE, wtr |-> TRUE] >>
/\ wpc = <<"run", "run", "p_chk">>

State 19: <StartAcq(1) line 153, col 5 to line 158, col 64 of module WaitersRetain>
/\ word = [own |-> 0, od |-> TRUE, wtr |-> TRUE]
/\ alive = <<TRUE, TRUE, FALSE>>
/\ q = <<2>>
/\ pc = <<"acq", "sleeping", "acq">>
/\ waited = <<FALSE, TRUE, TRUE>>
/\ pending = <<TRUE, TRUE, TRUE>>
/\ assume_w = <<FALSE, TRUE, TRUE>>
/\ srem = <<FALSE, FALSE, FALSE>>
/\ expw = << [own |-> 0, od |-> FALSE, wtr |-> FALSE],
   [own |-> 1, od |-> FALSE, wtr |-> TRUE],
   [own |-> 1, od |-> FALSE, wtr |-> TRUE] >>
/\ enq = <<FALSE, FALSE, FALSE>>
/\ wsnap = << [own |-> 0, od |-> FALSE, wtr |-> FALSE],
   [own |-> 0, od |-> FALSE, wtr |-> FALSE],
   [own |-> 0, od |-> TRUE, wtr |-> TRUE] >>
/\ wpc = <<"run", "run", "p_chk">>

State 20: <WalkPendingChk(3) line 409, col 5 to line 427, col 25 of module WaitersRetain>
/\ word = [own |-> 0, od |-> TRUE, wtr |-> TRUE]
/\ alive = <<TRUE, TRUE, FALSE>>
/\ q = <<2>>
/\ pc = <<"acq", "sleeping", "acq">>
/\ waited = <<FALSE, TRUE, TRUE>>
/\ pending = <<TRUE, TRUE, TRUE>>
/\ assume_w = <<FALSE, TRUE, TRUE>>
/\ srem = <<FALSE, FALSE, FALSE>>
/\ expw = << [own |-> 0, od |-> FALSE, wtr |-> FALSE],
   [own |-> 1, od |-> FALSE, wtr |-> TRUE],
   [own |-> 1, od |-> FALSE, wtr |-> TRUE] >>
/\ enq = <<FALSE, FALSE, FALSE>>
/\ wsnap = << [own |-> 0, od |-> FALSE, wtr |-> FALSE],
   [own |-> 0, od |-> FALSE, wtr |-> FALSE],
   [own |-> 0, od |-> FALSE, wtr |-> FALSE] >>
/\ wpc = <<"run", "run", "done">>

State 21: <Reincarnate(3) line 443, col 5 to line 454, col 28 of module WaitersRetain>
/\ word = [own |-> 0, od |-> TRUE, wtr |-> TRUE]
/\ alive = <<TRUE, TRUE, TRUE>>
/\ q = <<2>>
/\ pc = <<"acq", "sleeping", "idle">>
/\ waited = <<FALSE, TRUE, FALSE>>
/\ pending = <<TRUE, TRUE, FALSE>>
/\ assume_w = <<FALSE, TRUE, FALSE>>
/\ srem = <<FALSE, FALSE, FALSE>>
/\ expw = << [own |-> 0, od |-> FALSE, wtr |-> FALSE],
   [own |-> 1, od |-> FALSE, wtr |-> TRUE],
   [own |-> 0, od |-> FALSE, wtr |-> FALSE] >>
/\ enq = <<FALSE, FALSE, FALSE>>
/\ wsnap = << [own |-> 0, od |-> FALSE, wtr |-> FALSE],
   [own |-> 0, od |-> FALSE, wtr |-> FALSE],
   [own |-> 0, od |-> FALSE, wtr |-> FALSE] >>
/\ wpc = <<"run", "run", "run">>

State 22: <Die(1) line 340, col 5 to line 346, col 26 of module WaitersRetain>
/\ word = [own |-> 0, od |-> TRUE, wtr |-> TRUE]
/\ alive = <<FALSE, TRUE, TRUE>>
/\ q = <<2>>
/\ pc = <<"acq", "sleeping", "idle">>
/\ waited = <<FALSE, TRUE, FALSE>>
/\ pending = <<TRUE, TRUE, FALSE>>
/\ assume_w = <<FALSE, TRUE, FALSE>>
/\ srem = <<FALSE, FALSE, FALSE>>
/\ expw = << [own |-> 0, od |-> FALSE, wtr |-> FALSE],
   [own |-> 1, od |-> FALSE, wtr |-> TRUE],
   [own |-> 0, od |-> FALSE, wtr |-> FALSE] >>
/\ enq = <<FALSE, FALSE, FALSE>>
/\ wsnap = << [own |-> 0, od |-> FALSE, wtr |-> FALSE],
   [own |-> 0, od |-> FALSE, wtr |-> FALSE],
   [own |-> 0, od |-> FALSE, wtr |-> FALSE] >>
/\ wpc = <<"e_read", "run", "run">>

State 23: <WalkEntryRead(1) line 351, col 5 to line 358, col 31 of module WaitersRetain>
/\ word = [own |-> 0, od |-> TRUE, wtr |-> TRUE]
/\ alive = <<FALSE, TRUE, TRUE>>
/\ q = <<2>>
/\ pc = <<"acq", "sleeping", "idle">>
/\ waited = <<FALSE, TRUE, FALSE>>
/\ pending = <<TRUE, TRUE, FALSE>>
/\ assume_w = <<FALSE, TRUE, FALSE>>
/\ srem = <<FALSE, FALSE, FALSE>>
/\ expw = << [own |-> 0, od |-> FALSE, wtr |-> FALSE],
   [own |-> 1, od |-> FALSE, wtr |-> TRUE],
   [own |-> 0, od |-> FALSE, wtr |-> FALSE] >>
/\ enq = <<FALSE, FALSE, FALSE>>
/\ wsnap = << [own |-> 0, od |-> FALSE, wtr |-> FALSE],
   [own |-> 0, od |-> FALSE, wtr |-> FALSE],
   [own |-> 0, od |-> FALSE, wtr |-> FALSE] >>
/\ wpc = <<"p_read", "run", "run">>

State 24: <WalkPendingRead(1) line 394, col 5 to line 401, col 31 of module WaitersRetain>
/\ word = [own |-> 0, od |-> TRUE, wtr |-> TRUE]
/\ alive = <<FALSE, TRUE, TRUE>>
/\ q = <<2>>
/\ pc = <<"acq", "sleeping", "idle">>
/\ waited = <<FALSE, TRUE, FALSE>>
/\ pending = <<TRUE, TRUE, FALSE>>
/\ assume_w = <<FALSE, TRUE, FALSE>>
/\ srem = <<FALSE, FALSE, FALSE>>
/\ expw = << [own |-> 0, od |-> FALSE, wtr |-> FALSE],
   [own |-> 1, od |-> FALSE, wtr |-> TRUE],
   [own |-> 0, od |-> FALSE, wtr |-> FALSE] >>
/\ enq = <<FALSE, FALSE, FALSE>>
/\ wsnap = << [own |-> 0, od |-> TRUE, wtr |-> TRUE],
   [own |-> 0, od |-> FALSE, wtr |-> FALSE],
   [own |-> 0, od |-> FALSE, wtr |-> FALSE] >>
/\ wpc = <<"p_chk", "run", "run">>

State 25: <WalkPendingChk(1) line 409, col 5 to line 427, col 25 of module WaitersRetain>
/\ word = [own |-> 0, od |-> TRUE, wtr |-> TRUE]
/\ alive = <<FALSE, TRUE, TRUE>>
/\ q = <<2>>
/\ pc = <<"acq", "sleeping", "idle">>
/\ waited = <<FALSE, TRUE, FALSE>>
/\ pending = <<TRUE, TRUE, FALSE>>
/\ assume_w = <<FALSE, TRUE, FALSE>>
/\ srem = <<FALSE, FALSE, FALSE>>
/\ expw = << [own |-> 0, od |-> FALSE, wtr |-> FALSE],
   [own |-> 1, od |-> FALSE, wtr |-> TRUE],
   [own |-> 0, od |-> FALSE, wtr |-> FALSE] >>
/\ enq = <<FALSE, FALSE, FALSE>>
/\ wsnap = << [own |-> 0, od |-> FALSE, wtr |-> FALSE],
   [own |-> 0, od |-> FALSE, wtr |-> FALSE],
   [own |-> 0, od |-> FALSE, wtr |-> FALSE] >>
/\ wpc = <<"done", "run", "run">>

State 26: <Reincarnate(1) line 443, col 5 to line 454, col 28 of module WaitersRetain>
/\ word = [own |-> 0, od |-> TRUE, wtr |-> TRUE]
/\ alive = <<TRUE, TRUE, TRUE>>
/\ q = <<2>>
/\ pc = <<"idle", "sleeping", "idle">>
/\ waited = <<FALSE, TRUE, FALSE>>
/\ pending = <<FALSE, TRUE, FALSE>>
/\ assume_w = <<FALSE, TRUE, FALSE>>
/\ srem = <<FALSE, FALSE, FALSE>>
/\ expw = << [own |-> 0, od |-> FALSE, wtr |-> FALSE],
   [own |-> 1, od |-> FALSE, wtr |-> TRUE],
   [own |-> 0, od |-> FALSE, wtr |-> FALSE] >>
/\ enq = <<FALSE, FALSE, FALSE>>
/\ wsnap = << [own |-> 0, od |-> FALSE, wtr |-> FALSE],
   [own |-> 0, od |-> FALSE, wtr |-> FALSE],
   [own |-> 0, od |-> FALSE, wtr |-> FALSE] >>
/\ wpc = <<"run", "run", "run">>

State 27: <StartAcq(1) line 153, col 5 to line 158, col 64 of module WaitersRetain>
/\ word = [own |-> 0, od |-> TRUE, wtr |-> TRUE]
/\ alive = <<TRUE, TRUE, TRUE>>
/\ q = <<2>>
/\ pc = <<"acq", "sleeping", "idle">>
/\ waited = <<FALSE, TRUE, FALSE>>
/\ pending = <<TRUE, TRUE, FALSE>>
/\ assume_w = <<FALSE, TRUE, FALSE>>
/\ srem = <<FALSE, FALSE, FALSE>>
/\ expw = << [own |-> 0, od |-> FALSE, wtr |-> FALSE],
   [own |-> 1, od |-> FALSE, wtr |-> TRUE],
   [own |-> 0, od |-> FALSE, wtr |-> FALSE] >>
/\ enq = <<FALSE, FALSE, FALSE>>
/\ wsnap = << [own |-> 0, od |-> FALSE, wtr |-> FALSE],
   [own |-> 0, od |-> FALSE, wtr |-> FALSE],
   [own |-> 0, od |-> FALSE, wtr |-> FALSE] >>
/\ wpc = <<"run", "run", "run">>

State 28: <Die(1) line 340, col 5 to line 346, col 26 of module WaitersRetain>
/\ word = [own |-> 0, od |-> TRUE, wtr |-> TRUE]
/\ alive = <<FALSE, TRUE, TRUE>>
/\ q = <<2>>
/\ pc = <<"acq", "sleeping", "idle">>
/\ waited = <<FALSE, TRUE, FALSE>>
/\ pending = <<TRUE, TRUE, FALSE>>
/\ assume_w = <<FALSE, TRUE, FALSE>>
/\ srem = <<FALSE, FALSE, FALSE>>
/\ expw = << [own |-> 0, od |-> FALSE, wtr |-> FALSE],
   [own |-> 1, od |-> FALSE, wtr |-> TRUE],
   [own |-> 0, od |-> FALSE, wtr |-> FALSE] >>
/\ enq = <<FALSE, FALSE, FALSE>>
/\ wsnap = << [own |-> 0, od |-> FALSE, wtr |-> FALSE],
   [own |-> 0, od |-> FALSE, wtr |-> FALSE],
   [own |-> 0, od |-> FALSE, wtr |-> FALSE] >>
/\ wpc = <<"e_read", "run", "run">>

State 29: <WalkEntryRead(1) line 351, col 5 to line 358, col 31 of module WaitersRetain>
/\ word = [own |-> 0, od |-> TRUE, wtr |-> TRUE]
/\ alive = <<FALSE, TRUE, TRUE>>
/\ q = <<2>>
/\ pc = <<"acq", "sleeping", "idle">>
/\ waited = <<FALSE, TRUE, FALSE>>
/\ pending = <<TRUE, TRUE, FALSE>>
/\ assume_w = <<FALSE, TRUE, FALSE>>
/\ srem = <<FALSE, FALSE, FALSE>>
/\ expw = << [own |-> 0, od |-> FALSE, wtr |-> FALSE],
   [own |-> 1, od |-> FALSE, wtr |-> TRUE],
   [own |-> 0, od |-> FALSE, wtr |-> FALSE] >>
/\ enq = <<FALSE, FALSE, FALSE>>
/\ wsnap = << [own |-> 0, od |-> FALSE, wtr |-> FALSE],
   [own |-> 0, od |-> FALSE, wtr |-> FALSE],
   [own |-> 0, od |-> FALSE, wtr |-> FALSE] >>
/\ wpc = <<"p_read", "run", "run">>

Back to state 24: <WalkPendingRead(1) line 394, col 5 to line 401, col 31 of module WaitersRetain>

Finished checking temporal properties in 03s at 2026-07-23 03:49:57
4710351 states generated, 1683725 distinct states found, 399353 states left on queue.
The depth of the complete state graph search is 27.
Finished in 01min 07s at (2026-07-23 03:49:57)
Trace exploration spec path: ./MCWRetainNoExitWake_TTrace_1784778529.tla
